<?xml version="1.0" encoding="UTF-8"?>
<!-- Generated by org.testng.reporters.JUnitXMLReporter -->
<testsuite hostname="DESKTOP-1LKOS4U" ignored="0" name="Surefire test" tests="2" failures="0" timestamp="24 Dec 2021 03:15:11 GMT" time="59.01" errors="0">
  <testcase name="runScenario" time="27.532" classname="cucumber.api.testng.AbstractTestNGCucumberTests"/>
  <testcase name="runScenario" time="31.22" classname="cucumber.api.testng.AbstractTestNGCucumberTests"/>
</testsuite> <!-- Surefire test -->
